[debug] [2026-06-09T22:01:05.197Z] ----------------------------------------------------------------------
[debug] [2026-06-09T22:01:05.200Z] Command:       C:\Program Files\nodejs\node.exe C:\Users\henri\AppData\Roaming\npm\node_modules\firebase-tools\lib\bin\firebase.js deploy --only functions:uploadXLS
[debug] [2026-06-09T22:01:05.201Z] CLI Version:   15.15.0
[debug] [2026-06-09T22:01:05.201Z] Platform:      win32
[debug] [2026-06-09T22:01:05.201Z] Node Version:  v22.16.0
[debug] [2026-06-09T22:01:05.201Z] Time:          Tue Jun 09 2026 15:01:05 GMT-0700 (Horário de Verão do Pacífico)
[debug] [2026-06-09T22:01:05.201Z] ----------------------------------------------------------------------
[debug] 
[debug] [2026-06-09T22:01:05.203Z] >>> [apiv2][query] GET https://firebase-public.firebaseio.com/cli.json [none]
[debug] [2026-06-09T22:01:08.166Z] > command requires scopes: ["email","openid","https://www.googleapis.com/auth/cloudplatformprojects.readonly","https://www.googleapis.com/auth/firebase","https://www.googleapis.com/auth/cloud-platform"]
[debug] [2026-06-09T22:01:08.166Z] > authorizing via signed-in user (xdhenriquecosta@gmail.com)
[debug] [2026-06-09T22:01:08.166Z] [iam] checking project chatpos-aff1a for permissions ["cloudfunctions.functions.create","cloudfunctions.functions.delete","cloudfunctions.functions.get","cloudfunctions.functions.list","cloudfunctions.functions.update","cloudfunctions.operations.get","firebase.projects.get"]
[debug] [2026-06-09T22:01:08.167Z] Checked if tokens are valid: false, expires at: 1776762305937
[debug] [2026-06-09T22:01:08.168Z] Checked if tokens are valid: false, expires at: 1776762305937
[debug] [2026-06-09T22:01:08.168Z] > refreshing access token with scopes: []
[debug] [2026-06-09T22:01:08.169Z] >>> [apiv2][query] POST https://www.googleapis.com/oauth2/v3/token [none]
[debug] [2026-06-09T22:01:08.169Z] >>> [apiv2][body] POST https://www.googleapis.com/oauth2/v3/token [omitted]
[debug] [2026-06-09T22:01:08.284Z] <<< [apiv2][status] POST https://www.googleapis.com/oauth2/v3/token 200
[debug] [2026-06-09T22:01:08.285Z] <<< [apiv2][body] POST https://www.googleapis.com/oauth2/v3/token [omitted]
[debug] [2026-06-09T22:01:08.293Z] >>> [apiv2][query] POST https://cloudresourcemanager.googleapis.com/v1/projects/chatpos-aff1a:testIamPermissions [none]
[debug] [2026-06-09T22:01:08.293Z] >>> [apiv2][(partial)header] POST https://cloudresourcemanager.googleapis.com/v1/projects/chatpos-aff1a:testIamPermissions  x-goog-user-project=chatpos-aff1a
[debug] [2026-06-09T22:01:08.293Z] >>> [apiv2][body] POST https://cloudresourcemanager.googleapis.com/v1/projects/chatpos-aff1a:testIamPermissions {"permissions":["cloudfunctions.functions.create","cloudfunctions.functions.delete","cloudfunctions.functions.get","cloudfunctions.functions.list","cloudfunctions.functions.update","cloudfunctions.operations.get","firebase.projects.get"]}
[debug] [2026-06-09T22:01:08.328Z] <<< [apiv2][status] GET https://firebase-public.firebaseio.com/cli.json 200
[debug] [2026-06-09T22:01:08.328Z] <<< [apiv2][body] GET https://firebase-public.firebaseio.com/cli.json {"cloudBuildErrorAfter":1594252800000,"cloudBuildWarnAfter":1590019200000,"defaultNode10After":1594252800000,"minVersion":"3.0.5","node8DeploysDisabledAfter":1613390400000,"node8RuntimeDisabledAfter":1615809600000,"node8WarnAfter":1600128000000}
[debug] [2026-06-09T22:01:08.419Z] <<< [apiv2][status] POST https://cloudresourcemanager.googleapis.com/v1/projects/chatpos-aff1a:testIamPermissions 200
[debug] [2026-06-09T22:01:08.419Z] <<< [apiv2][body] POST https://cloudresourcemanager.googleapis.com/v1/projects/chatpos-aff1a:testIamPermissions {"permissions":["cloudfunctions.functions.create","cloudfunctions.functions.delete","cloudfunctions.functions.get","cloudfunctions.functions.list","cloudfunctions.functions.update","cloudfunctions.operations.get","firebase.projects.get"]}
[debug] [2026-06-09T22:01:08.420Z] Checked if tokens are valid: true, expires at: 1781046067285
[debug] [2026-06-09T22:01:08.420Z] Checked if tokens are valid: true, expires at: 1781046067285
[debug] [2026-06-09T22:01:08.420Z] >>> [apiv2][query] POST https://iam.googleapis.com/v1/projects/chatpos-aff1a/serviceAccounts/chatpos-aff1a@appspot.gserviceaccount.com:testIamPermissions [none]
[debug] [2026-06-09T22:01:08.420Z] >>> [apiv2][body] POST https://iam.googleapis.com/v1/projects/chatpos-aff1a/serviceAccounts/chatpos-aff1a@appspot.gserviceaccount.com:testIamPermissions {"permissions":["iam.serviceAccounts.actAs"]}
[debug] [2026-06-09T22:01:08.590Z] <<< [apiv2][status] POST https://iam.googleapis.com/v1/projects/chatpos-aff1a/serviceAccounts/chatpos-aff1a@appspot.gserviceaccount.com:testIamPermissions 200
[debug] [2026-06-09T22:01:08.591Z] <<< [apiv2][body] POST https://iam.googleapis.com/v1/projects/chatpos-aff1a/serviceAccounts/chatpos-aff1a@appspot.gserviceaccount.com:testIamPermissions {"permissions":["iam.serviceAccounts.actAs"]}
[info] 
[info] === Deploying to 'chatpos-aff1a'...
[info] 
[info] i  deploying functions 
[debug] [2026-06-09T22:01:08.596Z] Checked if tokens are valid: true, expires at: 1781046067285
[debug] [2026-06-09T22:01:08.596Z] Checked if tokens are valid: true, expires at: 1781046067285
[debug] [2026-06-09T22:01:08.596Z] >>> [apiv2][query] GET https://cloudresourcemanager.googleapis.com/v1/projects/chatpos-aff1a [none]
[debug] [2026-06-09T22:01:08.706Z] <<< [apiv2][status] GET https://cloudresourcemanager.googleapis.com/v1/projects/chatpos-aff1a 200
[debug] [2026-06-09T22:01:08.706Z] <<< [apiv2][body] GET https://cloudresourcemanager.googleapis.com/v1/projects/chatpos-aff1a {"projectNumber":"840413567529","projectId":"chatpos-aff1a","lifecycleState":"ACTIVE","name":"DASHFLEX","labels":{"firebase":"enabled"},"createTime":"2024-09-15T03:35:49.387517Z"}
[info] i  functions: preparing codebase default for deployment 
[info] i  functions: ensuring required API cloudfunctions.googleapis.com is enabled... 
[info] i  functions: ensuring required API cloudbuild.googleapis.com is enabled... 
[info] i  artifactregistry: ensuring required API artifactregistry.googleapis.com is enabled... 
[debug] [2026-06-09T22:01:08.711Z] Checked if tokens are valid: true, expires at: 1781046067285
[debug] [2026-06-09T22:01:08.711Z] Checked if tokens are valid: true, expires at: 1781046067285
[debug] [2026-06-09T22:01:08.711Z] >>> [apiv2][query] GET https://firebase.googleapis.com/v1beta1/projects/chatpos-aff1a/adminSdkConfig [none]
[debug] [2026-06-09T22:01:09.446Z] <<< [apiv2][status] GET https://firebase.googleapis.com/v1beta1/projects/chatpos-aff1a/adminSdkConfig 200
[debug] [2026-06-09T22:01:09.446Z] <<< [apiv2][body] GET https://firebase.googleapis.com/v1beta1/projects/chatpos-aff1a/adminSdkConfig {"projectId":"chatpos-aff1a","storageBucket":"chatpos-aff1a.appspot.com","locationId":"us-central"}
[debug] [2026-06-09T22:01:09.447Z] Checked if tokens are valid: true, expires at: 1781046067285
[debug] [2026-06-09T22:01:09.447Z] Checked if tokens are valid: true, expires at: 1781046067285
[debug] [2026-06-09T22:01:09.447Z] >>> [apiv2][query] GET https://runtimeconfig.googleapis.com/v1beta1/projects/chatpos-aff1a/configs [none]
[debug] [2026-06-09T22:01:09.682Z] <<< [apiv2][status] GET https://runtimeconfig.googleapis.com/v1beta1/projects/chatpos-aff1a/configs 200
[debug] [2026-06-09T22:01:09.682Z] <<< [apiv2][body] GET https://runtimeconfig.googleapis.com/v1beta1/projects/chatpos-aff1a/configs {"configs":[{"name":"projects/chatpos-aff1a/configs/pacto"},{"name":"projects/chatpos-aff1a/configs/cometchat"}]}
[debug] [2026-06-09T22:01:09.682Z] Checked if tokens are valid: true, expires at: 1781046067285
[debug] [2026-06-09T22:01:09.682Z] Checked if tokens are valid: true, expires at: 1781046067285
[debug] [2026-06-09T22:01:09.682Z] Checked if tokens are valid: true, expires at: 1781046067285
[debug] [2026-06-09T22:01:09.683Z] Checked if tokens are valid: true, expires at: 1781046067285
[debug] [2026-06-09T22:01:09.683Z] >>> [apiv2][query] GET https://runtimeconfig.googleapis.com/v1beta1/projects/chatpos-aff1a/configs/pacto/variables [none]
[debug] [2026-06-09T22:01:09.683Z] >>> [apiv2][query] GET https://runtimeconfig.googleapis.com/v1beta1/projects/chatpos-aff1a/configs/cometchat/variables [none]
[debug] [2026-06-09T22:01:09.791Z] <<< [apiv2][status] GET https://runtimeconfig.googleapis.com/v1beta1/projects/chatpos-aff1a/configs/pacto/variables 200
[debug] [2026-06-09T22:01:09.791Z] <<< [apiv2][body] GET https://runtimeconfig.googleapis.com/v1beta1/projects/chatpos-aff1a/configs/pacto/variables {"variables":[{"name":"projects/chatpos-aff1a/configs/pacto/variables/api_key","updateTime":"2026-04-21T08:05:11.431004388Z"}]}
[debug] [2026-06-09T22:01:09.792Z] Checked if tokens are valid: true, expires at: 1781046067285
[debug] [2026-06-09T22:01:09.792Z] Checked if tokens are valid: true, expires at: 1781046067285
[debug] [2026-06-09T22:01:09.792Z] >>> [apiv2][query] GET https://runtimeconfig.googleapis.com/v1beta1/projects/chatpos-aff1a/configs/pacto/variables/api_key [none]
[debug] [2026-06-09T22:01:09.828Z] <<< [apiv2][status] GET https://runtimeconfig.googleapis.com/v1beta1/projects/chatpos-aff1a/configs/cometchat/variables 200
[debug] [2026-06-09T22:01:09.828Z] <<< [apiv2][body] GET https://runtimeconfig.googleapis.com/v1beta1/projects/chatpos-aff1a/configs/cometchat/variables {"variables":[{"name":"projects/chatpos-aff1a/configs/cometchat/variables/appid","updateTime":"2024-09-18T23:09:30.492477741Z"},{"name":"projects/chatpos-aff1a/configs/cometchat/variables/apikey","updateTime":"2024-09-18T23:09:30.506664440Z"}]}
[debug] [2026-06-09T22:01:09.829Z] Checked if tokens are valid: true, expires at: 1781046067285
[debug] [2026-06-09T22:01:09.829Z] Checked if tokens are valid: true, expires at: 1781046067285
[debug] [2026-06-09T22:01:09.829Z] Checked if tokens are valid: true, expires at: 1781046067285
[debug] [2026-06-09T22:01:09.829Z] Checked if tokens are valid: true, expires at: 1781046067285
[debug] [2026-06-09T22:01:09.829Z] >>> [apiv2][query] GET https://runtimeconfig.googleapis.com/v1beta1/projects/chatpos-aff1a/configs/cometchat/variables/appid [none]
[debug] [2026-06-09T22:01:09.830Z] >>> [apiv2][query] GET https://runtimeconfig.googleapis.com/v1beta1/projects/chatpos-aff1a/configs/cometchat/variables/apikey [none]
[debug] [2026-06-09T22:01:09.931Z] <<< [apiv2][status] GET https://runtimeconfig.googleapis.com/v1beta1/projects/chatpos-aff1a/configs/pacto/variables/api_key 200
[debug] [2026-06-09T22:01:09.931Z] <<< [apiv2][body] GET https://runtimeconfig.googleapis.com/v1beta1/projects/chatpos-aff1a/configs/pacto/variables/api_key {"name":"projects/chatpos-aff1a/configs/pacto/variables/api_key","updateTime":"2026-04-21T08:05:11.431004388Z","text":"6e93ec77ec1d2879cac07aca65fe061e66f25dae858ea9a1a9ef79ff52b06aef3153d342cf"}
[debug] [2026-06-09T22:01:09.938Z] <<< [apiv2][status] GET https://runtimeconfig.googleapis.com/v1beta1/projects/chatpos-aff1a/configs/cometchat/variables/appid 200
[debug] [2026-06-09T22:01:09.938Z] <<< [apiv2][body] GET https://runtimeconfig.googleapis.com/v1beta1/projects/chatpos-aff1a/configs/cometchat/variables/appid {"name":"projects/chatpos-aff1a/configs/cometchat/variables/appid","updateTime":"2024-09-18T23:09:30.492477741Z","text":"263798b519441693"}
[debug] [2026-06-09T22:01:09.981Z] <<< [apiv2][status] GET https://runtimeconfig.googleapis.com/v1beta1/projects/chatpos-aff1a/configs/cometchat/variables/apikey 200
[debug] [2026-06-09T22:01:09.981Z] <<< [apiv2][body] GET https://runtimeconfig.googleapis.com/v1beta1/projects/chatpos-aff1a/configs/cometchat/variables/apikey {"name":"projects/chatpos-aff1a/configs/cometchat/variables/apikey","updateTime":"2024-09-18T23:09:30.506664440Z","text":"97f066caa6f46ee1cd8df4c706daa86448451f12"}
[debug] [2026-06-09T22:01:09.984Z] Validating nodejs source
[warn] !  functions: package.json indicates an outdated version of firebase-functions. Please upgrade using npm install --save firebase-functions@latest in your functions directory. 
[warn] !  functions: Please note that there will be breaking changes when you upgrade. 
[debug] [2026-06-09T22:01:11.180Z] > [functions] package.json contents: {
  "name": "functions",
  "description": "Cloud Functions for Firebase",
  "scripts": {
    "serve": "firebase emulators:start --only functions",
    "shell": "firebase functions:shell",
    "start": "npm run shell",
    "deploy": "firebase deploy --only functions",
    "logs": "firebase functions:log"
  },
  "engines": {
    "node": "22"
  },
  "main": "index.js",
  "dependencies": {
    "busboy": "^0.3.1",
    "cors": "^2.8.5",
    "dayjs": "^1.11.13",
    "express": "^5.1.0",
    "express-multipart-file-parser": "^0.1.2",
    "firebase-admin": "^12.6.0",
    "firebase-functions": "^6.0.1",
    "multer": "^1.4.3",
    "node-xlsx": "^0.24.0",
    "axios": "^1.7.9",
    "xlsx": "^0.20.2"
  },
  "devDependencies": {
    "firebase-functions-test": "^3.1.0"
  },
  "private": true
}
[debug] [2026-06-09T22:01:11.180Z] Building nodejs source
[info] i  functions: Loading and analyzing source code for codebase default to determine what to deploy 
[debug] [2026-06-09T22:01:11.181Z] Could not find functions.yaml. Must use http discovery
[debug] [2026-06-09T22:01:11.195Z] Found firebase-functions binary at 'c:\Users\henri\OneDrive\Documentos\GitHub\DASHFLEX\functions\node_modules\.bin\firebase-functions'
[info] Serving at port 8021

[debug] [2026-06-09T22:01:12.994Z] Got response from /__/functions.yaml {"endpoints":{"uploadXLS":{"platform":"gcfv1","availableMemoryMb":2048,"timeoutSeconds":540,"minInstances":null,"maxInstances":null,"ingressSettings":null,"serviceAccountEmail":null,"vpc":null,"region":["southamerica-east1"],"httpsTrigger":{},"entryPoint":"uploadXLS"},"uploadPersonal":{"platform":"gcfv1","availableMemoryMb":2048,"timeoutSeconds":540,"minInstances":null,"maxInstances":null,"ingressSettings":null,"serviceAccountEmail":null,"vpc":null,"region":["southamerica-east1"],"httpsTrigger":{},"entryPoint":"uploadPersonal"},"uploadDescontos":{"platform":"gcfv1","availableMemoryMb":2048,"timeoutSeconds":540,"minInstances":null,"maxInstances":null,"ingressSettings":null,"serviceAccountEmail":null,"vpc":null,"region":["southamerica-east1"],"httpsTrigger":{},"entryPoint":"uploadDescontos"},"pactoProxy":{"platform":"gcfv1","availableMemoryMb":512,"timeoutSeconds":120,"minInstances":null,"maxInstances":null,"ingressSettings":null,"serviceAccountEmail":null,"vpc":null,"region":["southamerica-east1"],"httpsTrigger":{},"entryPoint":"pactoProxy"}},"specVersion":"v1alpha1","requiredAPIs":[],"extensions":{}}
[info] i  extensions: ensuring required API firebaseextensions.googleapis.com is enabled... 
[debug] [2026-06-09T22:01:17.046Z] > command requires scopes: ["email","openid","https://www.googleapis.com/auth/cloudplatformprojects.readonly","https://www.googleapis.com/auth/firebase","https://www.googleapis.com/auth/cloud-platform"]
[debug] [2026-06-09T22:01:17.046Z] > authorizing via signed-in user (xdhenriquecosta@gmail.com)
[debug] [2026-06-09T22:01:17.046Z] [iam] checking project chatpos-aff1a for permissions ["firebase.projects.get","firebaseextensions.instances.list"]
[debug] [2026-06-09T22:01:17.046Z] Checked if tokens are valid: true, expires at: 1781046067285
[debug] [2026-06-09T22:01:17.046Z] Checked if tokens are valid: true, expires at: 1781046067285
[debug] [2026-06-09T22:01:17.046Z] >>> [apiv2][query] POST https://cloudresourcemanager.googleapis.com/v1/projects/chatpos-aff1a:testIamPermissions [none]
[debug] [2026-06-09T22:01:17.046Z] >>> [apiv2][(partial)header] POST https://cloudresourcemanager.googleapis.com/v1/projects/chatpos-aff1a:testIamPermissions  x-goog-user-project=chatpos-aff1a
[debug] [2026-06-09T22:01:17.046Z] >>> [apiv2][body] POST https://cloudresourcemanager.googleapis.com/v1/projects/chatpos-aff1a:testIamPermissions {"permissions":["firebase.projects.get","firebaseextensions.instances.list"]}
[debug] [2026-06-09T22:01:17.163Z] <<< [apiv2][status] POST https://cloudresourcemanager.googleapis.com/v1/projects/chatpos-aff1a:testIamPermissions 200
[debug] [2026-06-09T22:01:17.163Z] <<< [apiv2][body] POST https://cloudresourcemanager.googleapis.com/v1/projects/chatpos-aff1a:testIamPermissions {"permissions":["firebase.projects.get","firebaseextensions.instances.list"]}
[debug] [2026-06-09T22:01:17.164Z] Checked if tokens are valid: true, expires at: 1781046067285
[debug] [2026-06-09T22:01:17.164Z] Checked if tokens are valid: true, expires at: 1781046067285
[debug] [2026-06-09T22:01:17.164Z] >>> [apiv2][query] GET https://firebaseextensions.googleapis.com/v1beta/projects/chatpos-aff1a/instances pageSize=100&pageToken=
[debug] [2026-06-09T22:01:17.492Z] <<< [apiv2][status] GET https://firebaseextensions.googleapis.com/v1beta/projects/chatpos-aff1a/instances 200
[debug] [2026-06-09T22:01:17.492Z] <<< [apiv2][body] GET https://firebaseextensions.googleapis.com/v1beta/projects/chatpos-aff1a/instances {}
[info] i  functions: preparing functions directory for uploading... 
[info] i  functions: packaged c:\Users\henri\OneDrive\Documentos\GitHub\DASHFLEX\functions (81.53 KB) for uploading 
[debug] [2026-06-09T22:01:17.530Z] Checked if tokens are valid: true, expires at: 1781046067285
[debug] [2026-06-09T22:01:17.530Z] Checked if tokens are valid: true, expires at: 1781046067285
[debug] [2026-06-09T22:01:17.530Z] >>> [apiv2][query] GET https://cloudfunctions.googleapis.com/v1/projects/chatpos-aff1a/locations/-/functions [none]
[debug] [2026-06-09T22:01:18.123Z] <<< [apiv2][status] GET https://cloudfunctions.googleapis.com/v1/projects/chatpos-aff1a/locations/-/functions 200
[debug] [2026-06-09T22:01:18.123Z] <<< [apiv2][body] GET https://cloudfunctions.googleapis.com/v1/projects/chatpos-aff1a/locations/-/functions {"functions":[{"name":"projects/chatpos-aff1a/locations/southamerica-east1/functions/pactoProxy","httpsTrigger":{"url":"https://southamerica-east1-chatpos-aff1a.cloudfunctions.net/pactoProxy","securityLevel":"SECURE_ALWAYS"},"status":"ACTIVE","entryPoint":"pactoProxy","timeout":"120s","availableMemoryMb":512,"serviceAccountEmail":"chatpos-aff1a@appspot.gserviceaccount.com","updateTime":"2026-04-21T08:48:31.559Z","versionId":"3","labels":{"deployment-tool":"cli-firebase","firebase-functions-hash":"a0929073ae568e34398fd076f7bf6bc4af1f1304"},"sourceUploadUrl":"https://storage.googleapis.com/uploads-433443389353.southamerica-east1.cloudfunctions.appspot.com/d5066d94-3e63-441e-a98c-b70de2ebd35c.zip","environmentVariables":{"FIREBASE_CONFIG":"{\"projectId\":\"chatpos-aff1a\",\"storageBucket\":\"chatpos-aff1a.appspot.com\",\"locationId\":\"us-central\"}","GCLOUD_PROJECT":"chatpos-aff1a","EVENTARC_CLOUD_EVENT_SOURCE":"projects/chatpos-aff1a/locations/southamerica-east1/functions/pactoProxy"},"runtime":"nodejs22","ingressSettings":"ALLOW_ALL","buildId":"6105b677-f7a8-403a-b56f-dd08f2bda02b","buildEnvironmentVariables":{"GOOGLE_NODE_RUN_SCRIPTS":""},"buildName":"projects/840413567529/locations/southamerica-east1/builds/6105b677-f7a8-403a-b56f-dd08f2bda02b","dockerRegistry":"ARTIFACT_REGISTRY","automaticUpdatePolicy":{},"buildServiceAccount":"projects/chatpos-aff1a/serviceAccounts/840413567529-compute@developer.gserviceaccount.com","satisfiesPzs":true,"satisfiesPzi":true},{"name":"projects/chatpos-aff1a/locations/southamerica-east1/functions/uploadXLS","httpsTrigger":{"url":"https://southamerica-east1-chatpos-aff1a.cloudfunctions.net/uploadXLS","securityLevel":"SECURE_ALWAYS"},"status":"ACTIVE","entryPoint":"uploadXLS","timeout":"540s","availableMemoryMb":2048,"serviceAccountEmail":"chatpos-aff1a@appspot.gserviceaccount.com","updateTime":"2026-04-21T08:11:28.509Z","versionId":"43","labels":{"deployment-tool":"cli-firebase","firebase-functions-hash":"1f6fe4ae8955bc2b8d1f76fb164f323b15979eb1"},"sourceUploadUrl":"https://storage.googleapis.com/uploads-433443389353.southamerica-east1.cloudfunctions.appspot.com/8eb8e067-e69f-4e04-8fd9-bde35318a640.zip","environmentVariables":{"FIREBASE_CONFIG":"{\"projectId\":\"chatpos-aff1a\",\"storageBucket\":\"chatpos-aff1a.appspot.com\",\"locationId\":\"us-central\"}","GCLOUD_PROJECT":"chatpos-aff1a","EVENTARC_CLOUD_EVENT_SOURCE":"projects/chatpos-aff1a/locations/southamerica-east1/functions/uploadXLS"},"runtime":"nodejs22","ingressSettings":"ALLOW_ALL","buildId":"cd52dd10-6859-4966-8ec2-9a5761f167c5","buildEnvironmentVariables":{"GOOGLE_NODE_RUN_SCRIPTS":""},"buildName":"projects/840413567529/locations/southamerica-east1/builds/cd52dd10-6859-4966-8ec2-9a5761f167c5","dockerRegistry":"ARTIFACT_REGISTRY","automaticUpdatePolicy":{},"buildServiceAccount":"projects/chatpos-aff1a/serviceAccounts/840413567529-compute@developer.gserviceaccount.com","satisfiesPzs":true,"satisfiesPzi":true},{"name":"projects/chatpos-aff1a/locations/southamerica-east1/functions/uploadPersonal","httpsTrigger":{"url":"https://southamerica-east1-chatpos-aff1a.cloudfunctions.net/uploadPersonal","securityLevel":"SECURE_ALWAYS"},"status":"ACTIVE","entryPoint":"uploadPersonal","timeout":"540s","availableMemoryMb":2048,"serviceAccountEmail":"chatpos-aff1a@appspot.gserviceaccount.com","updateTime":"2026-04-21T08:11:32.151Z","versionId":"8","labels":{"deployment-tool":"cli-firebase","firebase-functions-hash":"1f6fe4ae8955bc2b8d1f76fb164f323b15979eb1"},"sourceUploadUrl":"https://storage.googleapis.com/uploads-433443389353.southamerica-east1.cloudfunctions.appspot.com/8eb8e067-e69f-4e04-8fd9-bde35318a640.zip","environmentVariables":{"FIREBASE_CONFIG":"{\"projectId\":\"chatpos-aff1a\",\"storageBucket\":\"chatpos-aff1a.appspot.com\",\"locationId\":\"us-central\"}","GCLOUD_PROJECT":"chatpos-aff1a","EVENTARC_CLOUD_EVENT_SOURCE":"projects/chatpos-aff1a/locations/southamerica-east1/functions/uploadPersonal"},"runtime":"nodejs22","ingressSettings":"ALLOW_ALL","buildId":"cd52dd10-6859-4966-8ec2-9a5761f167c5","buildEnvironmentVariables":{"GOOGLE_NODE_RUN_SCRIPTS":""},"buildName":"projects/840413567529/locations/southamerica-east1/builds/cd52dd10-6859-4966-8ec2-9a5761f167c5","dockerRegistry":"ARTIFACT_REGISTRY","automaticUpdatePolicy":{},"buildServiceAccount":"projects/chatpos-aff1a/serviceAccounts/840413567529-compute@developer.gserviceaccount.com","satisfiesPzs":true,"satisfiesPzi":true},{"name":"projects/chatpos-aff1a/locations/southamerica-east1/functions/uploadDescontos","httpsTrigger":{"url":"https://southamerica-east1-chatpos-aff1a.cloudfunctions.net/uploadDescontos","securityLevel":"SECURE_ALWAYS"},"status":"ACTIVE","entryPoint":"uploadDescontos","timeout":"540s","availableMemoryMb":2048,"serviceAccountEmail":"chatpos-aff1a@appspot.gserviceaccount.com","updateTime":"2026-04-21T08:11:32.179Z","versionId":"8","labels":{"deployment-tool":"cli-firebase","firebase-functions-hash":"1f6fe4ae8955bc2b8d1f76fb164f323b15979eb1"},"sourceUploadUrl":"https://storage.googleapis.com/uploads-433443389353.southamerica-east1.cloudfunctions.appspot.com/8eb8e067-e69f-4e04-8fd9-bde35318a640.zip","environmentVariables":{"FIREBASE_CONFIG":"{\"projectId\":\"chatpos-aff1a\",\"storageBucket\":\"chatpos-aff1a.appspot.com\",\"locationId\":\"us-central\"}","GCLOUD_PROJECT":"chatpos-aff1a","EVENTARC_CLOUD_EVENT_SOURCE":"projects/chatpos-aff1a/locations/southamerica-east1/functions/uploadDescontos"},"runtime":"nodejs22","ingressSettings":"ALLOW_ALL","buildId":"cd52dd10-6859-4966-8ec2-9a5761f167c5","buildEnvironmentVariables":{"GOOGLE_NODE_RUN_SCRIPTS":""},"buildName":"projects/840413567529/locations/southamerica-east1/builds/cd52dd10-6859-4966-8ec2-9a5761f167c5","dockerRegistry":"ARTIFACT_REGISTRY","automaticUpdatePolicy":{},"buildServiceAccount":"projects/chatpos-aff1a/serviceAccounts/840413567529-compute@developer.gserviceaccount.com","satisfiesPzs":true,"satisfiesPzi":true}]}
[debug] [2026-06-09T22:01:18.124Z] Checked if tokens are valid: true, expires at: 1781046067285
[debug] [2026-06-09T22:01:18.125Z] Checked if tokens are valid: true, expires at: 1781046067285
[debug] [2026-06-09T22:01:18.125Z] >>> [apiv2][query] GET https://cloudfunctions.googleapis.com/v2/projects/chatpos-aff1a/locations/-/functions filter=environment%3D%22GEN_2%22
[debug] [2026-06-09T22:01:18.787Z] <<< [apiv2][status] GET https://cloudfunctions.googleapis.com/v2/projects/chatpos-aff1a/locations/-/functions 200
[debug] [2026-06-09T22:01:18.787Z] <<< [apiv2][body] GET https://cloudfunctions.googleapis.com/v2/projects/chatpos-aff1a/locations/-/functions {}
[debug] [2026-06-09T22:01:18.793Z] Checked if tokens are valid: true, expires at: 1781046067285
[debug] [2026-06-09T22:01:18.793Z] Checked if tokens are valid: true, expires at: 1781046067285
[debug] [2026-06-09T22:01:18.793Z] >>> [apiv2][query] GET https://cloudresourcemanager.googleapis.com/v1/projects/chatpos-aff1a [none]
[debug] [2026-06-09T22:01:18.899Z] <<< [apiv2][status] GET https://cloudresourcemanager.googleapis.com/v1/projects/chatpos-aff1a 200
[debug] [2026-06-09T22:01:18.899Z] <<< [apiv2][body] GET https://cloudresourcemanager.googleapis.com/v1/projects/chatpos-aff1a {"projectNumber":"840413567529","projectId":"chatpos-aff1a","lifecycleState":"ACTIVE","name":"DASHFLEX","labels":{"firebase":"enabled"},"createTime":"2024-09-15T03:35:49.387517Z"}
[debug] [2026-06-09T22:01:18.900Z] Checked if tokens are valid: true, expires at: 1781046067285
[debug] [2026-06-09T22:01:18.900Z] Checked if tokens are valid: true, expires at: 1781046067285
[debug] [2026-06-09T22:01:18.901Z] >>> [apiv2][query] GET https://cloudbilling.googleapis.com/v1/projects/chatpos-aff1a/billingInfo [none]
[debug] [2026-06-09T22:01:19.180Z] <<< [apiv2][status] GET https://cloudbilling.googleapis.com/v1/projects/chatpos-aff1a/billingInfo 200
[debug] [2026-06-09T22:01:19.180Z] <<< [apiv2][body] GET https://cloudbilling.googleapis.com/v1/projects/chatpos-aff1a/billingInfo {"name":"projects/chatpos-aff1a/billingInfo","projectId":"chatpos-aff1a","billingAccountName":"billingAccounts/018D18-B1D5B8-8995EB","billingEnabled":true}
[debug] [2026-06-09T22:01:19.181Z] Checked if tokens are valid: true, expires at: 1781046067285
[debug] [2026-06-09T22:01:19.181Z] Checked if tokens are valid: true, expires at: 1781046067285
[debug] [2026-06-09T22:01:19.182Z] >>> [apiv2][query] POST https://cloudfunctions.googleapis.com/v1/projects/chatpos-aff1a/locations/southamerica-east1/functions:generateUploadUrl [none]
[debug] [2026-06-09T22:01:19.182Z] >>> [apiv2][body] POST https://cloudfunctions.googleapis.com/v1/projects/chatpos-aff1a/locations/southamerica-east1/functions:generateUploadUrl {}
